
ROM used:   1736/8192 (21%)
            1736/8192 (21%) including unused fragments

            1.0 Average locations per line
            8.2 Average locations per statement

RAM used:   122/368 (33%) at main() level
            142/368 (39%) worst case

Stack used: 7 worst case (6 in main + 1 for interrupts)
Stack size: 8

Lines Stmts  %   Files
----- ----- ---  -----
  177   111  53  main.c
   13     0   0  main.h
  671     0   0  ..\..\..\..\..\..\Program Files (x86)\PICC\Devices\16F877A.h
  423     0   0  ..\..\..\..\..\..\Program Files (x86)\PICC\Drivers\string.h
   32     0   0  ..\..\..\..\..\..\Program Files (x86)\PICC\Drivers\stddef.h
   28     0   0  ..\..\..\..\..\..\Program Files (x86)\PICC\Drivers\ctype.h
  456   100  47  ..\..\..\..\..\..\Program Files (x86)\PICC\Drivers\lcd.c
----- -----
 1800   211 Total

Page ROM  %  RAM   Vol Diff  Functions:
---- --- --- ---   --- ----  ----------
0     20   1    1             @delay_ms1
 Inline         0             @GETCH_BIU_1
0     80   5    9   318  6.5  strstr
 Inline         3   760  4.5  lcd_read_byte
0     59   3    2   262  3.7  lcd_read_nibble
0     64   4    1   399  2.4  lcd_send_nibble
0    107   6    3   415  3.7  lcd_send_byte
0     86   5    6   852  6.2  lcd_init
0     20   1    4   208  6.3  lcd_gotoxy
0     58   3    1   354  4.7  lcd_putc
0     33   2    3   138  3.5  RDA_isr
0     16   1    3   120  3.4  xoabodem
0    241  14    4   993  4.6  doctinnhan
0      1   0    0             @const768
0     80   5    4             @PSTRINGC7_745
0      1   0    0             @const770
0      1   0    0             @const772
0      1   0    0             @const773
0      1   0    0             @const775
0      1   0    0             @const776
0      9   1    0             @const777
0      3   0    0             @const779
0     82   5    4             @PSTRINGC7_9600_62_63
0      4   0    0             @const781
0      6   0    0             @const782
0     10   1    0             @const783
0      4   0    0             @const784
0     11   1    0             @const785
0    408  24    1  1840  3.4  MAIN
0      8   0    0             @const789
0      8   0    0             @const790
0      9   1    0             @const791
0     11   1    0             @const792
0      8   0    0             @const793
0     86   5    5             @PSTRINGCN7_9600_62_63
0     30   2    2             @PSTRINGR_9600_62_63
0      8   0    0             @const797
0      9   1    0             @const799
0      8   0    0             @const800
0      8   0    0             @const801
0      8   0    0             @const802
0      9   1    0             @const803
0      9   1    0             @const804
0      8   0    0             @const805
0     11   1    0             @const806
0     10   1    0             @const808
 Inline         0             @cinit1

Program metrics:
    Functions               12
    Statements              211
    Comments                285
    Volume (V)              10385
    Difficulty (D)          49.5
    Effort to implement (E) 514122
    Time to implement (T)   7 hours, 56 minutes
    Est Delivered Bugs (B)  2
    Cyclomatic Complexity   17
    Maintainability (MI)    137

 Segment     Used  Free
-----------  ----  ----
00000-00003     4  0  
00004-00050    77  0  
00051-007FF  1655  312  
00800-00FFF     0  2048  
01000-017FF     0  2048  
01800-01FFF     0  2048  



